<?xml version="1.0" encoding="UTF-8"?>
<!-- Generated by org.testng.reporters.JUnitReportReporter -->
<testsuite hostname="TANMAY-PC" name="com.TestNG.Dec_Log4J.LogforG" tests="1" failures="0" timestamp="26 Dec 2019 16:16:26 GMT" time="0.000" errors="1">
  <testcase name="loginwithValidds" time="0.000" classname="com.TestNG.Dec_Log4J.LogforG">
    <error type="org.openqa.selenium.SessionNotCreatedException" message="session not created: This version of ChromeDriver only supports Chrome version 77
Build info: version: &#039;3.141.59&#039;, revision: &#039;e82be7d358&#039;, time: &#039;2018-11-14T08:25:53&#039;
System info: host: &#039;TANMAY-PC&#039;, ip: &#039;192.168.0.106&#039;, os.name: &#039;Windows 7&#039;, os.arch: &#039;amd64&#039;, os.version: &#039;6.1&#039;, java.version: &#039;1.8.0&#039;
Driver info: driver.version: ChromeDriver
remote stacktrace: Backtrace:
	Ordinal0 [0x001AEB13+1501971]
	Ordinal0 [0x0012F6D1+980689]
	Ordinal0 [0x000B765F+489055]
	Ordinal0 [0x0004F2F4+62196]
	Ordinal0 [0x0004BCDA+48346]
	Ordinal0 [0x00069800+169984]
	Ordinal0 [0x0006942D+169005]
	Ordinal0 [0x000678EB+162027]
	Ordinal0 [0x00050AC7+68295]
	Ordinal0 [0x00051B40+72512]
	Ordinal0 [0x00051AD9+72409]
	Ordinal0 [0x00148F37+1085239]
	GetHandleVerifier [0x0024D7ED+503293]
	GetHandleVerifier [0x0024D580+502672]
	GetHandleVerifier [0x002546AC+531644]
	GetHandleVerifier [0x0024DFFA+505354]
	Ordinal0 [0x00140606+1050118]
	Ordinal0 [0x0014047F+1049727]
	Ordinal0 [0x0014AF9B+1093531]
	Ordinal0 [0x0014B103+1093891]
	Ordinal0 [0x0014A095+1089685]
	BaseThreadInitThunk [0x7739343D+18]
	RtlInitializeExceptionChain [0x77979812+99]
	RtlInitializeExceptionChain [0x779797E5+54]
">
      <![CDATA[org.openqa.selenium.SessionNotCreatedException: session not created: This version of ChromeDriver only supports Chrome version 77
Build info: version: '3.141.59', revision: 'e82be7d358', time: '2018-11-14T08:25:53'
System info: host: 'TANMAY-PC', ip: '192.168.0.106', os.name: 'Windows 7', os.arch: 'amd64', os.version: '6.1', java.version: '1.8.0'
Driver info: driver.version: ChromeDriver
remote stacktrace: Backtrace:
	Ordinal0 [0x001AEB13+1501971]
	Ordinal0 [0x0012F6D1+980689]
	Ordinal0 [0x000B765F+489055]
	Ordinal0 [0x0004F2F4+62196]
	Ordinal0 [0x0004BCDA+48346]
	Ordinal0 [0x00069800+169984]
	Ordinal0 [0x0006942D+169005]
	Ordinal0 [0x000678EB+162027]
	Ordinal0 [0x00050AC7+68295]
	Ordinal0 [0x00051B40+72512]
	Ordinal0 [0x00051AD9+72409]
	Ordinal0 [0x00148F37+1085239]
	GetHandleVerifier [0x0024D7ED+503293]
	GetHandleVerifier [0x0024D580+502672]
	GetHandleVerifier [0x002546AC+531644]
	GetHandleVerifier [0x0024DFFA+505354]
	Ordinal0 [0x00140606+1050118]
	Ordinal0 [0x0014047F+1049727]
	Ordinal0 [0x0014AF9B+1093531]
	Ordinal0 [0x0014B103+1093891]
	Ordinal0 [0x0014A095+1089685]
	BaseThreadInitThunk [0x7739343D+18]
	RtlInitializeExceptionChain [0x77979812+99]
	RtlInitializeExceptionChain [0x779797E5+54]

	at sun.reflect.NativeConstructorAccessorImpl.newInstance0(Native Method)
	at sun.reflect.NativeConstructorAccessorImpl.newInstance(NativeConstructorAccessorImpl.java:62)
	at sun.reflect.DelegatingConstructorAccessorImpl.newInstance(DelegatingConstructorAccessorImpl.java:45)
	at java.lang.reflect.Constructor.newInstance(Constructor.java:408)
	at org.openqa.selenium.remote.W3CHandshakeResponse.lambda$errorHandler$0(W3CHandshakeResponse.java:62)
	at org.openqa.selenium.remote.W3CHandshakeResponse$$Lambda$199/620557167.apply(Unknown Source)
	at org.openqa.selenium.remote.HandshakeResponse.lambda$getResponseFunction$0(HandshakeResponse.java:30)
	at org.openqa.selenium.remote.HandshakeResponse$$Lambda$194/48208774.apply(Unknown Source)
	at org.openqa.selenium.remote.ProtocolHandshake.lambda$createSession$0(ProtocolHandshake.java:126)
	at org.openqa.selenium.remote.ProtocolHandshake$$Lambda$195/1306834002.apply(Unknown Source)
	at java.util.stream.ReferencePipeline$3$1.accept(ReferencePipeline.java:193)
	at java.util.Spliterators$ArraySpliterator.tryAdvance(Spliterators.java:958)
	at java.util.stream.ReferencePipeline.forEachWithCancel(ReferencePipeline.java:126)
	at java.util.stream.AbstractPipeline.copyIntoWithCancel(AbstractPipeline.java:529)
	at java.util.stream.AbstractPipeline.copyInto(AbstractPipeline.java:516)
	at java.util.stream.AbstractPipeline.wrapAndCopyInto(AbstractPipeline.java:502)
	at java.util.stream.FindOps$FindOp.evaluateSequential(FindOps.java:152)
	at java.util.stream.AbstractPipeline.evaluate(AbstractPipeline.java:234)
	at java.util.stream.ReferencePipeline.findFirst(ReferencePipeline.java:464)
	at org.openqa.selenium.remote.ProtocolHandshake.createSession(ProtocolHandshake.java:128)
	at org.openqa.selenium.remote.ProtocolHandshake.createSession(ProtocolHandshake.java:74)
	at org.openqa.selenium.remote.HttpCommandExecutor.execute(HttpCommandExecutor.java:136)
	at org.openqa.selenium.remote.service.DriverCommandExecutor.execute(DriverCommandExecutor.java:83)
	at org.openqa.selenium.remote.RemoteWebDriver.execute(RemoteWebDriver.java:552)
	at org.openqa.selenium.remote.RemoteWebDriver.startSession(RemoteWebDriver.java:213)
	at org.openqa.selenium.remote.RemoteWebDriver.<init>(RemoteWebDriver.java:131)
	at org.openqa.selenium.chrome.ChromeDriver.<init>(ChromeDriver.java:181)
	at org.openqa.selenium.chrome.ChromeDriver.<init>(ChromeDriver.java:168)
	at org.openqa.selenium.chrome.ChromeDriver.<init>(ChromeDriver.java:123)
	at com.TestNG.Dec_Log4J.LogforG.openBrowser(LogforG.java:98)
	at sun.reflect.NativeMethodAccessorImpl.invoke0(Native Method)
	at sun.reflect.NativeMethodAccessorImpl.invoke(NativeMethodAccessorImpl.java:62)
	at sun.reflect.DelegatingMethodAccessorImpl.invoke(DelegatingMethodAccessorImpl.java:43)
	at java.lang.reflect.Method.invoke(Method.java:483)
	at org.testng.internal.MethodInvocationHelper.invokeMethod(MethodInvocationHelper.java:86)
	at org.testng.internal.Invoker.invokeConfigurationMethod(Invoker.java:515)
	at org.testng.internal.Invoker.invokeConfigurations(Invoker.java:216)
	at org.testng.internal.Invoker.invokeConfigurations(Invoker.java:143)
	at org.testng.SuiteRunner.privateRun(SuiteRunner.java:305)
	at org.testng.SuiteRunner.run(SuiteRunner.java:268)
	at org.testng.SuiteRunnerWorker.runSuite(SuiteRunnerWorker.java:52)
	at org.testng.SuiteRunnerWorker.run(SuiteRunnerWorker.java:86)
	at org.testng.TestNG.runSuitesSequentially(TestNG.java:1225)
	at org.testng.TestNG.runSuitesLocally(TestNG.java:1150)
	at org.testng.TestNG.runSuites(TestNG.java:1075)
	at org.testng.TestNG.run(TestNG.java:1047)
	at org.testng.remote.AbstractRemoteTestNG.run(AbstractRemoteTestNG.java:126)
	at org.testng.remote.RemoteTestNG.initAndRun(RemoteTestNG.java:137)
	at org.testng.remote.RemoteTestNG.main(RemoteTestNG.java:58)
]]>
    </error>
  </testcase> <!-- loginwithValidds -->
</testsuite> <!-- com.TestNG.Dec_Log4J.LogforG -->
